[    0.000000] Linux version 4.15.0-96-generic (buildd@lgw01-amd64-004) (gcc version 7.5.0 (Ubuntu 7.5.0-3ubuntu1~18.04)) #97-Ubuntu SMP Wed Apr 1 03:25:46 UTC 2020 (Ubuntu 4.15.0-96.97-generic 4.15.18)
[    0.000000] Command line: BOOT_IMAGE=/boot/vmlinuz-4.15.0-96-generic root=LABEL=cloudimg-rootfs ro console=tty1 console=ttyS0
[    0.000000] KERNEL supported cpus:
[    0.000000]   Intel GenuineIntel
[    0.000000]   AMD AuthenticAMD
[    0.000000]   Centaur CentaurHauls
[    0.000000] x86/fpu: Supporting XSAVE feature 0x001: 'x87 floating point registers'
[    0.000000] x86/fpu: Supporting XSAVE feature 0x002: 'SSE registers'
[    0.000000] x86/fpu: Supporting XSAVE feature 0x004: 'AVX registers'
[    0.000000] x86/fpu: xstate_offset[2]:  576, xstate_sizes[2]:  256
[    0.000000] x86/fpu: Enabled xstate features 0x7, context size is 832 bytes, using 'standard' format.
[    0.000000] e820: BIOS-provided physical RAM map:
[    0.000000] BIOS-e820: [mem 0x0000000000000000-0x000000000009fbff] usable
[    0.000000] BIOS-e820: [mem 0x000000000009fc00-0x000000000009ffff] reserved
[    0.000000] BIOS-e820: [mem 0x00000000000f0000-0x00000000000fffff] reserved
[    0.000000] BIOS-e820: [mem 0x0000000000100000-0x000000003ffeffff] usable
[    0.000000] BIOS-e820: [mem 0x000000003fff0000-0x000000003fffffff] ACPI data
[    0.000000] BIOS-e820: [mem 0x00000000fec00000-0x00000000fec00fff] reserved
[    0.000000] BIOS-e820: [mem 0x00000000fee00000-0x00000000fee00fff] reserved
[    0.000000] BIOS-e820: [mem 0x00000000fffc0000-0x00000000ffffffff] reserved
[    0.000000] NX (Execute Disable) protection: active
[    0.000000] SMBIOS 2.5 present.
[    0.000000] DMI: innotek GmbH VirtualBox/VirtualBox, BIOS VirtualBox 12/01/2006
[    0.000000] Hypervisor detected: KVM
[    0.000000] e820: last_pfn = 0x3fff0 max_arch_pfn = 0x400000000
[    0.000000] MTRR: Disabled
[    0.000000] x86/PAT: MTRRs disabled, skipping PAT initialization too.
[    0.000000] CPU MTRRs all blank - virtualized system.
[    0.000000] x86/PAT: Configuration [0-7]: WB  WT  UC- UC  WB  WT  UC- UC  
[    0.000000] found SMP MP-table at [mem 0x0009fff0-0x0009ffff]
[    0.000000] Scanning 1 areas for low memory corruption
[    0.000000] RAMDISK: [mem 0x35a6d000-0x36d2dfff]
[    0.000000] ACPI: Early table checksum verification disabled
[    0.000000] ACPI: RSDP 0x00000000000E0000 000024 (v02 VBOX  )
[    0.000000] ACPI: XSDT 0x000000003FFF0030 00003C (v01 VBOX   VBOXXSDT 00000001 ASL  00000061)
[    0.000000] ACPI: FACP 0x000000003FFF00F0 0000F4 (v04 VBOX   VBOXFACP 00000001 ASL  00000061)
[    0.000000] ACPI: DSDT 0x000000003FFF0470 002325 (v02 VBOX   VBOXBIOS 00000002 INTL 20100528)
[    0.000000] ACPI: FACS 0x000000003FFF0200 000040
[    0.000000] ACPI: FACS 0x000000003FFF0200 000040
[    0.000000] ACPI: APIC 0x000000003FFF0240 00005C (v02 VBOX   VBOXAPIC 00000001 ASL  00000061)
[    0.000000] ACPI: SSDT 0x000000003FFF02A0 0001CC (v01 VBOX   VBOXCPUT 00000002 INTL 20100528)
[    0.000000] No NUMA configuration found
[    0.000000] Faking a node at [mem 0x0000000000000000-0x000000003ffeffff]
[    0.000000] NODE_DATA(0) allocated [mem 0x3ffc5000-0x3ffeffff]
[    0.000000] kvm-clock: cpu 0, msr 0:3ff44001, primary cpu clock
[    0.000000] kvm-clock: Using msrs 4b564d01 and 4b564d00
[    0.000000] kvm-clock: using sched offset of 3602540502 cycles
[    0.000000] clocksource: kvm-clock: mask: 0xffffffffffffffff max_cycles: 0x1cd42e4dffb, max_idle_ns: 881590591483 ns
[    0.000000] Zone ranges:
[    0.000000]   DMA      [mem 0x0000000000001000-0x0000000000ffffff]
[    0.000000]   DMA32    [mem 0x0000000001000000-0x000000003ffeffff]
[    0.000000]   Normal   empty
[    0.000000]   Device   empty
[    0.000000] Movable zone start for each node
[    0.000000] Early memory node ranges
[    0.000000]   node   0: [mem 0x0000000000001000-0x000000000009efff]
[    0.000000]   node   0: [mem 0x0000000000100000-0x000000003ffeffff]
[    0.000000] Reserved but unavailable: 98 pages
[    0.000000] Initmem setup node 0 [mem 0x0000000000001000-0x000000003ffeffff]
[    0.000000] ACPI: PM-Timer IO Port: 0x4008
[    0.000000] IOAPIC[0]: apic_id 2, version 32, address 0xfec00000, GSI 0-23
[    0.000000] ACPI: INT_SRC_OVR (bus 0 bus_irq 0 global_irq 2 dfl dfl)
[    0.000000] ACPI: INT_SRC_OVR (bus 0 bus_irq 9 global_irq 9 low level)
[    0.000000] Using ACPI (MADT) for SMP configuration information
[    0.000000] smpboot: Allowing 2 CPUs, 0 hotplug CPUs
[    0.000000] PM: Registered nosave memory: [mem 0x00000000-0x00000fff]
[    0.000000] PM: Registered nosave memory: [mem 0x0009f000-0x0009ffff]
[    0.000000] PM: Registered nosave memory: [mem 0x000a0000-0x000effff]
[    0.000000] PM: Registered nosave memory: [mem 0x000f0000-0x000fffff]
[    0.000000] e820: [mem 0x40000000-0xfebfffff] available for PCI devices
[    0.000000] Booting paravirtualized kernel on KVM
[    0.000000] clocksource: refined-jiffies: mask: 0xffffffff max_cycles: 0xffffffff, max_idle_ns: 7645519600211568 ns
[    0.000000] random: get_random_bytes called from start_kernel+0x99/0x4fd with crng_init=0
[    0.000000] setup_percpu: NR_CPUS:8192 nr_cpumask_bits:2 nr_cpu_ids:2 nr_node_ids:1
[    0.000000] percpu: Embedded 45 pages/cpu s147456 r8192 d28672 u1048576
[    0.000000] PV qspinlock hash table entries: 256 (order: 0, 4096 bytes)
[    0.000000] Built 1 zonelists, mobility grouping on.  Total pages: 257913
[    0.000000] Policy zone: DMA32
[    0.000000] Kernel command line: BOOT_IMAGE=/boot/vmlinuz-4.15.0-96-generic root=LABEL=cloudimg-rootfs ro console=tty1 console=ttyS0
[    0.000000] Memory: 983064K/1048120K available (12300K kernel code, 2481K rwdata, 4264K rodata, 2432K init, 2712K bss, 65056K reserved, 0K cma-reserved)
[    0.000000] SLUB: HWalign=64, Order=0-3, MinObjects=0, CPUs=2, Nodes=1
[    0.000000] Kernel/User page tables isolation: enabled
[    0.000000] ftrace: allocating 39351 entries in 154 pages
[    0.004000] Hierarchical RCU implementation.
[    0.004000] 	RCU restricting CPUs from NR_CPUS=8192 to nr_cpu_ids=2.
[    0.004000] 	Tasks RCU enabled.
[    0.004000] RCU: Adjusting geometry for rcu_fanout_leaf=16, nr_cpu_ids=2
[    0.004000] NR_IRQS: 524544, nr_irqs: 440, preallocated irqs: 16
[    0.004000] Console: colour VGA+ 80x25
[    0.004000] console [tty1] enabled
[    0.004000] console [ttyS0] enabled
[    0.004000] ACPI: Core revision 20170831
[    0.004000] ACPI: 2 ACPI AML tables successfully acquired and loaded
[    0.004000] APIC: Switch to symmetric I/O mode setup
[    0.004000] x2apic enabled
[    0.004000] Switched APIC routing to physical x2apic.
[    0.004000] ..TIMER: vector=0x30 apic1=0 pin1=2 apic2=-1 pin2=-1
[    0.004004] tsc: Detected 2303.998 MHz processor
[    0.004798] Calibrating delay loop (skipped) preset value.. 4607.99 BogoMIPS (lpj=9215992)
[    0.005402] pid_max: default: 32768 minimum: 301
[    0.006218] Security Framework initialized
[    0.008002] Yama: becoming mindful.
[    0.008638] AppArmor: AppArmor initialized
[    0.010611] Dentry cache hash table entries: 131072 (order: 8, 1048576 bytes)
[    0.011861] Inode-cache hash table entries: 65536 (order: 7, 524288 bytes)
[    0.012014] Mount-cache hash table entries: 2048 (order: 2, 16384 bytes)
[    0.013894] Mountpoint-cache hash table entries: 2048 (order: 2, 16384 bytes)
[    0.016243] Last level iTLB entries: 4KB 64, 2MB 8, 4MB 8
[    0.017155] Last level dTLB entries: 4KB 64, 2MB 0, 4MB 0, 1GB 4
[    0.018219] Spectre V1 : Mitigation: usercopy/swapgs barriers and __user pointer sanitization
[    0.019685] Spectre V2 : Mitigation: Full generic retpoline
[    0.020001] Spectre V2 : Spectre v2 / SpectreRSB mitigation: Filling RSB on context switch
[    0.021388] Speculative Store Bypass: Vulnerable
[    0.022208] MDS: Mitigation: Clear CPU buffers
[    0.023120] Freeing SMP alternatives memory: 36K
[    0.133933] smpboot: CPU0: Intel(R) Core(TM) i5-8259U CPU @ 2.30GHz (family: 0x6, model: 0x8e, stepping: 0xa)
[    0.136000] Performance Events: unsupported p6 CPU model 142 no PMU driver, software events only.
[    0.136033] Hierarchical SRCU implementation.
[    0.137330] NMI watchdog: Perf event create on CPU 0 failed with -2
[    0.138411] NMI watchdog: Perf NMI watchdog permanently disabled
[    0.140042] smp: Bringing up secondary CPUs ...
[    0.140897] x86: Booting SMP configuration:
[    0.141661] .... node  #0, CPUs:      #1
[    0.004000] kvm-clock: cpu 1, msr 0:3ff44041, secondary cpu clock
[    0.146339] smp: Brought up 1 node, 2 CPUs
[    0.146339] smpboot: Max logical packages: 1
[    0.148004] smpboot: Total of 2 processors activated (9215.99 BogoMIPS)
[    0.149401] devtmpfs: initialized
[    0.149401] x86/mm: Memory block size: 128MB
[    0.149866] evm: security.selinux
[    0.152003] evm: security.SMACK64
[    0.152601] evm: security.SMACK64EXEC
[    0.153251] evm: security.SMACK64TRANSMUTE
[    0.153988] evm: security.SMACK64MMAP
[    0.154638] evm: security.apparmor
[    0.155247] evm: security.ima
[    0.156002] evm: security.capability
[    0.156669] clocksource: jiffies: mask: 0xffffffff max_cycles: 0xffffffff, max_idle_ns: 7645041785100000 ns
[    0.157666] futex hash table entries: 512 (order: 3, 32768 bytes)
[    0.161183] pinctrl core: initialized pinctrl subsystem
[    0.162198] RTC time:  7:25:14, date: 04/27/20
[    0.163109] NET: Registered protocol family 16
[    0.163949] audit: initializing netlink subsys (disabled)
[    0.164028] audit: type=2000 audit(1587972320.275:1): state=initialized audit_enabled=0 res=1
[    0.164100] cpuidle: using governor ladder
[    0.164755] cpuidle: using governor menu
[    0.168044] ACPI: bus type PCI registered
[    0.168763] acpiphp: ACPI Hot Plug PCI Controller Driver version: 0.5
[    0.169950] PCI: Using configuration type 1 for base access
[    0.172031] HugeTLB registered 2.00 MiB page size, pre-allocated 0 pages
[    0.173237] ACPI: Added _OSI(Module Device)
[    0.173237] ACPI: Added _OSI(Processor Device)
[    0.173574] ACPI: Added _OSI(3.0 _SCP Extensions)
[    0.174385] ACPI: Added _OSI(Processor Aggregator Device)
[    0.176003] ACPI: Added _OSI(Linux-Dell-Video)
[    0.176775] ACPI: Added _OSI(Linux-Lenovo-NV-HDMI-Audio)
[    0.177679] ACPI: Added _OSI(Linux-HPI-Hybrid-Graphics)
[    0.178916] ACPI: Executed 1 blocks of module-level executable AML code
[    0.182641] ACPI: Interpreter enabled
[    0.184011] ACPI: (supports S0 S5)
[    0.184622] ACPI: Using IOAPIC for interrupt routing
[    0.185646] PCI: Using host bridge windows from ACPI; if necessary, use "pci=nocrs" and report a bug
[    0.187418] ACPI: Enabled 2 GPEs in block 00 to 07
[    0.194439] ACPI: PCI Root Bridge [PCI0] (domain 0000 [bus 00-ff])
[    0.196006] acpi PNP0A03:00: _OSC: OS supports [ASPM ClockPM Segments MSI]
[    0.198061] acpi PNP0A03:00: _OSC: not requesting OS control; OS requires [ExtendedConfig ASPM ClockPM MSI]
[    0.199713] acpi PNP0A03:00: fail to add MMCONFIG information, can't access extended PCI configuration space under this bridge.
[    0.200443] PCI host bridge to bus 0000:00
[    0.201160] pci_bus 0000:00: root bus resource [io  0x0000-0x0cf7 window]
[    0.204003] pci_bus 0000:00: root bus resource [io  0x0d00-0xffff window]
[    0.205110] pci_bus 0000:00: root bus resource [mem 0x000a0000-0x000bffff window]
[    0.206360] pci_bus 0000:00: root bus resource [mem 0x40000000-0xfdffffff window]
[    0.207622] pci_bus 0000:00: root bus resource [bus 00-ff]
[    0.210157] pci 0000:00:01.1: legacy IDE quirk: reg 0x10: [io  0x01f0-0x01f7]
[    0.212003] pci 0000:00:01.1: legacy IDE quirk: reg 0x14: [io  0x03f6]
[    0.213070] pci 0000:00:01.1: legacy IDE quirk: reg 0x18: [io  0x0170-0x0177]
[    0.214308] pci 0000:00:01.1: legacy IDE quirk: reg 0x1c: [io  0x0376]
[    0.229236] pci 0000:00:07.0: quirk: [io  0x4000-0x403f] claimed by PIIX4 ACPI
[    0.231017] pci 0000:00:07.0: quirk: [io  0x4100-0x410f] claimed by PIIX4 SMB
[    0.237239] ACPI: PCI Interrupt Link [LNKA] (IRQs 5 9 10 *11)
[    0.238629] ACPI: PCI Interrupt Link [LNKB] (IRQs 5 9 *10 11)
[    0.239757] ACPI: PCI Interrupt Link [LNKC] (IRQs 5 *9 10 11)
[    0.240107] ACPI: PCI Interrupt Link [LNKD] (IRQs 5 9 10 *11)
[    0.241743] SCSI subsystem initialized
[    0.242739] pci 0000:00:02.0: vgaarb: setting as boot VGA device
[    0.242739] pci 0000:00:02.0: vgaarb: VGA device added: decodes=io+mem,owns=io+mem,locks=none
[    0.244008] pci 0000:00:02.0: vgaarb: bridge control possible
[    0.245013] vgaarb: loaded
[    0.245545] ACPI: bus type USB registered
[    0.248026] usbcore: registered new interface driver usbfs
[    0.249523] usbcore: registered new interface driver hub
[    0.250726] usbcore: registered new device driver usb
[    0.252084] EDAC MC: Ver: 3.0.0
[    0.252846] PCI: Using ACPI for IRQ routing
[    0.253067] NetLabel: Initializing
[    0.253684] NetLabel:  domain hash size = 128
[    0.256002] NetLabel:  protocols = UNLABELED CIPSOv4 CALIPSO
[    0.256988] NetLabel:  unlabeled traffic allowed by default
[    0.257953] clocksource: Switched to clocksource kvm-clock
[    0.268809] VFS: Disk quotas dquot_6.6.0
[    0.270571] VFS: Dquot-cache hash table entries: 512 (order 0, 4096 bytes)
[    0.272471] AppArmor: AppArmor Filesystem Enabled
[    0.273297] pnp: PnP ACPI init
[    0.275146] pnp: PnP ACPI: found 3 devices
[    0.284599] clocksource: acpi_pm: mask: 0xffffff max_cycles: 0xffffff, max_idle_ns: 2085701024 ns
[    0.286828] NET: Registered protocol family 2
[    0.287760] TCP established hash table entries: 8192 (order: 4, 65536 bytes)
[    0.288971] TCP bind hash table entries: 8192 (order: 5, 131072 bytes)
[    0.291228] TCP: Hash tables configured (established 8192 bind 8192)
[    0.292382] UDP hash table entries: 512 (order: 2, 16384 bytes)
[    0.293392] UDP-Lite hash table entries: 512 (order: 2, 16384 bytes)
[    0.294500] NET: Registered protocol family 1
[    0.295268] pci 0000:00:00.0: Limiting direct PCI/PCI transfers
[    0.296633] pci 0000:00:01.0: Activating ISA DMA hang workarounds
[    0.297724] pci 0000:00:02.0: Video device with shadowed ROM at [mem 0x000c0000-0x000dffff]
[    0.299242] Unpacking initramfs...
[    0.553905] Freeing initrd memory: 19204K
[    0.555217] clocksource: tsc: mask: 0xffffffffffffffff max_cycles: 0x2135f5e6f15, max_idle_ns: 440795231538 ns
[    0.557834] platform rtc_cmos: registered platform RTC device (no PNP device found)
[    0.559208] Scanning for low memory corruption every 60 seconds
[    0.561487] Initialise system trusted keyrings
[    0.562426] Key type blacklist registered
[    0.563291] workingset: timestamp_bits=36 max_order=18 bucket_order=0
[    0.565713] zbud: loaded
[    0.566607] squashfs: version 4.0 (2009/01/31) Phillip Lougher
[    0.567764] fuse init (API version 7.26)
[    0.571161] Key type asymmetric registered
[    0.571891] Asymmetric key parser 'x509' registered
[    0.572802] Block layer SCSI generic (bsg) driver version 0.4 loaded (major 246)
[    0.574127] io scheduler noop registered
[    0.574818] io scheduler deadline registered
[    0.575580] io scheduler cfq registered (default)
[    0.576926] ACPI: AC Adapter [AC] (on-line)
[    0.577696] input: Power Button as /devices/LNXSYSTM:00/LNXPWRBN:00/input/input0
[    0.579093] ACPI: Power Button [PWRF]
[    0.579800] input: Sleep Button as /devices/LNXSYSTM:00/LNXSLPBN:00/input/input1
[    0.581619] ACPI: Sleep Button [SLPF]
[    0.583519] ACPI: Battery Slot [BAT0] (battery present)
[    0.584682] Serial: 8250/16550 driver, 32 ports, IRQ sharing enabled
[    0.606875] 00:02: ttyS0 at I/O 0x3f8 (irq = 4, base_baud = 115200) is a 16550A
[    0.611707] Linux agpgart interface v0.103
[    0.614172] loop: module loaded
[    0.615221] scsi host0: ata_piix
[    0.615916] scsi host1: ata_piix
[    0.616548] ata1: PATA max UDMA/33 cmd 0x1f0 ctl 0x3f6 bmdma 0xd000 irq 14
[    0.617698] ata2: PATA max UDMA/33 cmd 0x170 ctl 0x376 bmdma 0xd008 irq 15
[    0.618937] libphy: Fixed MDIO Bus: probed
[    0.619667] tun: Universal TUN/TAP device driver, 1.6
[    0.620911] PPP generic driver version 2.4.2
[    0.621738] ehci_hcd: USB 2.0 'Enhanced' Host Controller (EHCI) Driver
[    0.622843] ehci-pci: EHCI PCI platform driver
[    0.623626] ehci-platform: EHCI generic platform driver
[    0.624559] ohci_hcd: USB 1.1 'Open' Host Controller (OHCI) Driver
[    0.625601] ohci-pci: OHCI PCI platform driver
[    0.626378] ohci-platform: OHCI generic platform driver
[    0.627274] uhci_hcd: USB Universal Host Controller Interface driver
[    0.628418] i8042: PNP: PS/2 Controller [PNP0303:PS2K,PNP0f03:PS2M] at 0x60,0x64 irq 1,12
[    0.630530] serio: i8042 KBD port at 0x60,0x64 irq 1
[    0.631792] serio: i8042 AUX port at 0x60,0x64 irq 12
[    0.632847] mousedev: PS/2 mouse device common for all mice
[    0.634313] input: AT Translated Set 2 keyboard as /devices/platform/i8042/serio0/input/input2
[    0.635932] rtc_cmos rtc_cmos: rtc core: registered rtc_cmos as rtc0
[    0.637077] rtc_cmos rtc_cmos: alarms up to one day, 114 bytes nvram
[    0.638150] i2c /dev entries driver
[    0.638815] device-mapper: uevent: version 1.0.3
[    0.639689] device-mapper: ioctl: 4.37.0-ioctl (2017-09-20) initialised: dm-devel@redhat.com
[    0.641189] ledtrig-cpu: registered to indicate activity on CPUs
[    0.642566] NET: Registered protocol family 10
[    0.646437] Segment Routing with IPv6
[    0.647196] NET: Registered protocol family 17
[    0.648048] Key type dns_resolver registered
[    0.649128] mce: Using 0 MCE banks
[    0.649898] RAS: Correctable Errors collector initialized.
[    0.650989] sched_clock: Marking stable (649087731, 0)->(789702431, -140614700)
[    0.652616] registered taskstats version 1
[    0.653343] Loading compiled-in X.509 certificates
[    0.656157] Loaded X.509 cert 'Build time autogenerated kernel key: 244b473b43e18b01f00e37a87f2ecd28620f0244'
[    0.657840] zswap: loaded using pool lzo/zbud
[    0.661549] Key type big_key registered
[    0.662467] Key type trusted registered
[    0.664611] Key type encrypted registered
[    0.665311] AppArmor: AppArmor sha1 policy hashing enabled
[    0.666227] ima: No TPM chip found, activating TPM-bypass! (rc=-19)
[    0.667263] ima: Allocated hash algorithm: sha1
[    0.668040] evm: HMAC attrs: 0x1
[    0.669341]   Magic number: 0:133:421
[    0.670080] rtc_cmos rtc_cmos: setting system clock to 2020-04-27 07:25:15 UTC (1587972315)
[    0.671560] BIOS EDD facility v0.16 2004-Jun-25, 0 devices found
[    0.672612] EDD information not available.
[    0.802536] Freeing unused kernel image memory: 2432K
[    0.816060] Write protecting the kernel read-only data: 20480k
[    0.818620] Freeing unused kernel image memory: 2008K
[    0.820238] Freeing unused kernel image memory: 1880K
[    0.828190] x86/mm: Checked W+X mappings: passed, no W+X pages found.
[    0.830423] x86/mm: Checking user space page tables
[    0.837503] x86/mm: Checked W+X mappings: passed, no W+X pages found.
Loading, please wait...
starting version 237
[    0.902191] Fusion MPT base driver 3.04.20
[    0.903179] Copyright (c) 1999-2008 LSI Corporation
[    0.922606] e1000: Intel(R) PRO/1000 Network Driver - version 7.3.21-k8-NAPI
[    0.924509] e1000: Copyright (c) 1999-2006 Intel Corporation.
[    0.930285] AVX2 version of gcm_enc/dec engaged.
[    0.931829] AES CTR mode by8 optimization enabled
[    0.933487] Fusion MPT SPI Host driver 3.04.20
[    1.131933] input: ImExPS/2 Generic Explorer Mouse as /devices/platform/i8042/serio1/input/input4
[    1.570080] e1000 0000:00:03.0 eth0: (PCI:33MHz:32-bit) 02:39:1d:43:44:b0
[    1.571905] e1000 0000:00:03.0 eth0: Intel(R) PRO/1000 Network Connection
[    1.575103] e1000 0000:00:03.0 enp0s3: renamed from eth0
[    1.576361] mptbase: ioc0: Initiating bringup
[    1.677717] ioc0: LSI53C1030 A0: Capabilities={Initiator}
[    1.923001] scsi host2: ioc0: LSI53C1030 A0, FwRev=00000000h, Ports=1, MaxQ=256, IRQ=20
[    2.094596] scsi 2:0:0:0: Direct-Access     VBOX     HARDDISK         1.0  PQ: 0 ANSI: 5
[    2.313198] scsi target2:0:0: Beginning Domain Validation
[    2.317653] scsi target2:0:0: Domain Validation skipping write tests
[    2.319476] scsi target2:0:0: Ending Domain Validation
[    2.320604] scsi target2:0:0: asynchronous
[    2.321826] scsi 2:0:1:0: Direct-Access     VBOX     HARDDISK         1.0  PQ: 0 ANSI: 5
[    2.927812] scsi target2:0:1: Beginning Domain Validation
[    2.931307] random: fast init done
[    2.932191] scsi target2:0:1: Domain Validation skipping write tests
[    2.933396] scsi target2:0:1: Ending Domain Validation
[    2.934417] scsi target2:0:1: asynchronous
[    2.938230] random: systemd-udevd: uninitialized urandom read (16 bytes read)
[    2.938294] sd 2:0:0:0: Attached scsi generic sg0 type 0
[    2.939539] random: systemd-udevd: uninitialized urandom read (16 bytes read)
[    2.942306] random: systemd-udevd: uninitialized urandom read (16 bytes read)
[    2.943566] sd 2:0:1:0: Attached scsi generic sg1 type 0
[    2.943582] sd 2:0:0:0: [sda] 20971520 512-byte logical blocks: (10.7 GB/10.0 GiB)
[    2.945921] sd 2:0:0:0: [sda] Write Protect is off
[    2.946874] sd 2:0:1:0: [sdb] 20480 512-byte logical blocks: (10.5 MB/10.0 MiB)
[    2.948234] sd 2:0:0:0: [sda] Incomplete mode parameter data
[    2.949197] sd 2:0:0:0: [sda] Assuming drive cache: write through
[    2.950305] sd 2:0:1:0: [sdb] Write Protect is off
[    2.951282] sd 2:0:1:0: [sdb] Incomplete mode parameter data
[    2.952269] sd 2:0:1:0: [sdb] Assuming drive cache: write through
[    2.954402]  sda: sda1
[    2.955940] sd 2:0:1:0: [sdb] Attached SCSI disk
[    2.956275] sd 2:0:0:0: [sda] Attached SCSI disk
Begin: Loading essential drivers ... [    4.348441] raid6: sse2x1   gen() 15307 MB/s
[    4.403747] raid6: sse2x1   xor() 10683 MB/s
[    4.452089] raid6: sse2x2   gen() 15215 MB/s
[    4.501001] raid6: sse2x2   xor() 10943 MB/s
[    4.548128] raid6: sse2x4   gen() 18245 MB/s
[    4.596133] raid6: sse2x4   xor() 11431 MB/s
[    4.644070] raid6: avx2x1   gen() 25802 MB/s
[    4.692025] raid6: avx2x1   xor() 17924 MB/s
[    4.740251] raid6: avx2x2   gen() 30559 MB/s
[    4.789276] raid6: avx2x2   xor() 19519 MB/s
[    4.839817] raid6: avx2x4   gen() 37213 MB/s
[    4.888213] raid6: avx2x4   xor() 21745 MB/s
[    4.889522] raid6: using algorithm avx2x4 gen() 37213 MB/s
[    4.891125] raid6: .... xor() 21745 MB/s, rmw enabled
[    4.892476] raid6: using avx2x2 recovery algorithm
[    4.894493] xor: automatically using best checksumming function   avx       
[    4.897808] async_tx: api initialized (async)
done.
Begin: Running /scripts/init-premount ... done.
Begin: Mounting root file system ... Begin: Running /scripts/local-top ... done.
Begin: Running /scripts/local-premount ... [    4.935948] Btrfs loaded, crc32c=crc32c-intel
Scanning for Btrfs filesystems
done.
Warning: fsck not present, so skipping root file system
[    4.955585] EXT4-fs (sda1): mounted filesystem with ordered data mode. Opts: (null)
done.
Begin: Running /scripts/local-bottom ... done.
Begin: Running /scripts/init-bottom ... done.
[    5.064839] ip_tables: (C) 2000-2006 Netfilter Core Team
[    5.070231] systemd[1]: systemd 237 running in system mode. (+PAM +AUDIT +SELINUX +IMA +APPARMOR +SMACK +SYSVINIT +UTMP +LIBCRYPTSETUP +GCRYPT +GNUTLS +ACL +XZ +LZ4 +SECCOMP +BLKID +ELFUTILS +KMOD -IDN2 +IDN -PCRE2 default-hierarchy=hybrid)
[    5.073843] systemd[1]: Detected virtualization oracle.
[    5.074761] systemd[1]: Detected architecture x86-64.

Welcome to [1mUbuntu 18.04.4 LTS[0m!

[    5.079138] systemd[1]: Set hostname to <ubuntu>.
[    5.082393] systemd[1]: Initializing machine ID from random generator.
[    5.083533] systemd[1]: Installed transient /etc/machine-id file.
[    5.247367] systemd[1]: Set up automount Arbitrary Executable File Formats File System Automount Point.
[[0;32m  OK  [0m] Set up automount Arbitrary Executab…rmats File System Automount Point.
[    5.250293] systemd[1]: Started Forward Password Requests to Wall Directory Watch.
[[0;32m  OK  [0m] Started Forward Password Requests to Wall Directory Watch.
[    5.252593] systemd[1]: Reached target Swap.
[[0;32m  OK  [0m] Reached target Swap.
[    5.255068] systemd[1]: Created slice System Slice.
[[0;32m  OK  [0m] Created slice System Slice.
[[0;32m  OK  [0m] Listening on Journal Audit Socket.
[[0;32m  OK  [0m] Listening on LVM2 poll daemon socket.
[[0;32m  OK  [0m] Listening on Syslog Socket.
[[0;32m  OK  [0m] Listening on Device-mapper event daemon FIFOs.
[[0;32m  OK  [0m] Listening on Network Service Netlink Socket.
[[0;32m  OK  [0m] Listening on Journal Socket (/dev/log).
[[0;32m  OK  [0m] Listening on LVM2 metadata daemon socket.
[[0;32m  OK  [0m] Listening on udev Control Socket.
[[0;32m  OK  [0m] Listening on /dev/initctl Compatibility Named Pipe.
[[0;32m  OK  [0m] Listening on udev Kernel Socket.
[[0;32m  OK  [0m] Reached target System Time Synchronized.
[[0;32m  OK  [0m] Listening on Journal Socket.
         Starting Journal Service...
         Mounting Kernel Debug File System...
         Mounting POSIX Message Queue File System...
         Mounting Huge Pages File System...
         Starting Create list of required st…ce nodes for the current kernel...
         Starting Monitoring of LVM2 mirrors…ng dmeventd or progress polling...
         Starting Remount Root and Kernel File Systems...
         Starting Uncomplicated firewall...
         Starting Set the console keyboard layout...
         Starting udev Coldplug all Devices...
         Starting Load Kernel Modules...
[    5.353049] EXT4-fs (sda1): re-mounted. Opts: (null)
[[0;32m  OK  [0m] Reached target User and Group Name Lookups.
[    5.371776] Loading iSCSI transport class v2.0-870.
[[0;32m  OK  [0m] Created slice system-serial\x2dgetty.slice.
[    5.377129] iscsi: registered transport (tcp)
[    5.390865] iscsi: registered transport (iser)
[[0;32m  OK  [0m] Created slice User and Session Slice.
[[0;32m  OK  [0m] Reached target Slices.
[[0;32m  OK  [0m] Started Journal Service.
[[0;32m  OK  [0m] Mounted Kernel Debug File System.
[[0;32m  OK  [0m] Mounted POSIX Message Queue File System.
[[0;32m  OK  [0m] Mounted Huge Pages File System.
[[0;32m  OK  [0m] Started Create list of required sta…vice nodes for the current kernel.
[[0;32m  OK  [0m] Started Remount Root and Kernel File Systems.
[[0;32m  OK  [0m] Started Uncomplicated firewall.
[[0;32m  OK  [0m] Started Set the console keyboard layout.
[[0;32m  OK  [0m] Started Load Kernel Modules.
[[0;32m  OK  [0m] Started LVM2 metadata daemon.
         Starting Apply Kernel Variables...
         Mounting FUSE Control File System...
         Mounting Kernel Configuration File System...
         Starting Load/Save Random Seed...
         Starting Create Static Device Nodes in /dev...
         Starting Flush Journal to Persistent Storage...
[[0;32m  OK  [0m] Started udev Coldplug all Devices.
[[0;32m  OK  [0m] Mounted FUSE Control File System.
[[0;32m  OK  [0m] Mounted Kernel Configuration File System.
[[0;32m  OK  [0m] Started Monitoring of LVM2 mirrors,…sing dmeventd or progress polling.
[[0;32m  OK  [0m] Started Load/Save Random Seed.
[[0;32m  OK  [0m] Started Apply Kernel Variables.
[[0;32m  OK  [0m] Started Create Static Device Nodes in /dev.
         Starting udev Kernel Device Manager...
[[0;32m  OK  [0m] Reached target Local File Systems (Pre).
[[0;32m  OK  [0m] Reached target Local File Systems.
         Starting Set console font and keymap...
         Starting Commit a transient machine-id on disk...
         Starting Tell Plymouth To Write Out Runtime Data...
         Starting AppArmor initialization...
         Starting ebtables ruleset management...
[[0;32m  OK  [0m] Started Set console font and keymap.
[[0;32m  OK  [0m] Started udev Kernel Device Manager.
[[0;32m  OK  [0m] Started Dispatch Password Requests to Console Directory Watch.
[[0;32m  OK  [0m] Reached target Local Encrypted Volumes.
[[0;32m  OK  [0m] Started Flush Journal to Persistent Storage.
         Starting Create Volatile Files and Directories...
[[0;32m  OK  [0m] Started Tell Plymouth To Write Out Runtime Data.
[[0;32m  OK  [0m] Started Create Volatile Files and Directories.
         Starting Update UTMP about System Boot/Shutdown...
[[0;32m  OK  [0m] Started Update UTMP about System Boot/Shutdown.
[[0;32m  OK  [0m] Started Commit a transient machine-id on disk.
[[0;32m  OK  [0m] Started ebtables ruleset management.
[[0;32m  OK  [0m] Found device /dev/ttyS0.
[[0;32m  OK  [0m] Listening on Load/Save RF Kill Switch Status /dev/rfkill Watch.
[[0;32m  OK  [0m] Started AppArmor initialization.
         Starting Initial cloud-init job (pre-networking)...
[    7.145944] cloud-init[535]: Cloud-init v. 19.4-33-gbb4131a2-0ubuntu1~18.04.1 running 'init-local' at Mon, 27 Apr 2020 07:25:21 +0000. Up 6.84 seconds.
[[0;32m  OK  [0m] Started Initial cloud-init job (pre-networking).
[[0;32m  OK  [0m] Reached target Network (Pre).
         Starting Network Service...
[[0;32m  OK  [0m] Started Network Service.
         Starting Wait for Network to be Configured...
         Starting Network Name Resolution...
[[0;32m  OK  [0m] Started Network Name Resolution.
[[0;32m  OK  [0m] Reached target Network.
[[0;32m  OK  [0m] Reached target Host and Network Name Lookups.
[[0;32m  OK  [0m] Started Wait for Network to be Configured.
         Starting Initial cloud-init job (metadata service crawler)...
[    9.408742] cloud-init[661]: Cloud-init v. 19.4-33-gbb4131a2-0ubuntu1~18.04.1 running 'init' at Mon, 27 Apr 2020 07:25:24 +0000. Up 9.29 seconds.
[    9.420463] cloud-init[661]: ci-info: ++++++++++++++++++++++++++++++++++++++Net device info++++++++++++++++++++++++++++++++++++++
[    9.432999] cloud-init[661]: ci-info: +--------+------+----------------------------+---------------+--------+-------------------+
[    9.444218] cloud-init[661]: ci-info: | Device |  Up  |          Address           |      Mask     | Scope  |     Hw-Address    |
[    9.445538] cloud-init[661]: ci-info: +--------+------+----------------------------+---------------+--------+-------------------+
[    9.446531] cloud-init[661]: ci-info: | enp0s3 | True |         10.0.2.15          | 255.255.255.0 | global | 02:39:1d:43:44:b0 |
[    9.447845] cloud-init[661]: ci-info: | enp0s3 | True | fe80::39:1dff:fe43:44b0/64 |       .       |  link  | 02:39:1d:43:44:b0 |
[    9.449586] cloud-init[661]: ci-info: |   lo   | True |         127.0.0.1          |   255.0.0.0   |  host  |         .         |
[    9.451277] cloud-init[661]: ci-info: |   lo   | True |          ::1/128           |       .       |  host  |         .         |
[    9.452982] cloud-init[661]: ci-info: +--------+------+----------------------------+---------------+--------+-------------------+
[    9.454714] cloud-init[661]: ci-info: ++++++++++++++++++++++++++++Route IPv4 info+++++++++++++++++++++++++++++
[    9.457050] cloud-init[661]: ci-info: +-------+-------------+----------+-----------------+-----------+-------+
[    9.458587] cloud-init[661]: ci-info: | Route | Destination | Gateway  |     Genmask     | Interface | Flags |
[    9.459995] cloud-init[661]: ci-info: +-------+-------------+----------+-----------------+-----------+-------+
[    9.461421] cloud-init[661]: ci-info: |   0   |   0.0.0.0   | 10.0.2.2 |     0.0.0.0     |   enp0s3  |   UG  |
[    9.472279] cloud-init[661]: ci-info: |   1   |   10.0.2.0  | 0.0.0.0  |  255.255.255.0  |   enp0s3  |   U   |
[    9.473932] cloud-init[661]: ci-info: |   2   |   10.0.2.2  | 0.0.0.0  | 255.255.255.255 |   enp0s3  |   UH  |
[    9.475306] cloud-init[661]: ci-info: +-------+-------------+----------+-----------------+-----------+-------+
[    9.476680] cloud-init[661]: ci-info: +++++++++++++++++++Route IPv6 info+++++++++++++++++++
[    9.477942] cloud-init[661]: ci-info: +-------+-------------+---------+-----------+-------+
[    9.479125] cloud-init[661]: ci-info: | Route | Destination | Gateway | Interface | Flags |
[    9.488277] cloud-init[661]: ci-info: +-------+-------------+---------+-----------+-------+
[    9.489418] cloud-init[661]: ci-info: |   1   |  fe80::/64  |    ::   |   enp0s3  |   U   |
[    9.490695] cloud-init[661]: ci-info: |   3   |    local    |    ::   |   enp0s3  |   U   |
[    9.491890] cloud-init[661]: ci-info: |   4   |   ff00::/8  |    ::   |   enp0s3  |   U   |
[    9.493152] cloud-init[661]: ci-info: +-------+-------------+---------+-----------+-------+
[   10.049914] cloud-init[661]: Generating public/private rsa key pair.
[   10.060712] cloud-init[661]: Your identification has been saved in /etc/ssh/ssh_host_rsa_key.
[   10.061691] cloud-init[661]: Your public key has been saved in /etc/ssh/ssh_host_rsa_key.pub.
[   10.062508] cloud-init[661]: The key fingerprint is:
[   10.063363] cloud-init[661]: SHA256:nIjiH1Agy5micajZNEP4147KRbCv6Ts1Fk/xu83Mi4s root@ubuntu-bionic
[   10.064624] cloud-init[661]: The key's randomart image is:
[   10.065425] cloud-init[661]: +---[RSA 2048]----+
[   10.066089] cloud-init[661]: |..o              |
[   10.066743] cloud-init[661]: |o=+.  .          |
[   10.067401] cloud-init[661]: |===o.. o         |
[   10.068083] cloud-init[661]: |+*o++.oo..       |
[   10.068736] cloud-init[661]: |+ ++.*. S.       |
[   10.069753] cloud-init[661]: | . oB o .        |
[   10.084469] cloud-init[661]: | ..B..   *       |
[   10.100207] cloud-init[661]: |  *. . ...=      |
[[0;32m  OK  [0m[   10.112516] ] cloud-initStarted Initial cloud-init job (metadata service crawler).[661]: 
| .oo. E o...     |
[[0;32m  OK  [0m] [   10.124891] Reached target Cloud-config availability.cloud-init
[661]: +----[SHA256]-----+
[[   10.127838] cloud-init[661]: Generating public/private dsa key pair.
[   10.128004] cloud-init[661]: Your identification has been saved in /etc/ssh/ssh_host_dsa_key.
[   10.129194] cloud-init[661]: Your public key has been saved in /etc/ssh/ssh_host_dsa_key.pub.
[   10.129836] cloud-init[661]: The key fingerprint is:
[0;32m  OK  [0m[   10.130560] cloud-init[661]: SHA256:Z7R7fZZekaTwQ/DqYko/F+ngXfxsbdxZsF8SBmQk4iU root@ubuntu-bionic
] Reached target Network is Online.
[   10.130997] cloud-init[661]: The key's randomart image is:
         Starting Availability of block devices...
[   10.146386] cloud-init[661]: +---[DSA 1024]----+
[   10.147676] cloud-init[661]: |        E o++    |
[[   10.147759] [0;32m  OK  [0mcloud-init] [661]: Reached target Remote File Systems (Pre).|       . + o+    |

[   10.149046] cloud-init[661]: |        . .. + . |
[[   10.149097] [0;32m  OK  [0mcloud-init] [661]: Reached target Remote File Systems.|         . .= * .|

[[0;32m  OK  [0m[   10.150625] ] cloud-initReached target System Initialization.[661]: 
|        S +.o= * |
[[   10.151983] cloud-init[661]: |         +.+ ++ =|
[   10.152084] cloud-init[661]: |       ..o=.+ +=X|
[   10.152616] cloud-init[661]: |      . +o.=  .BB|
[   10.153118] cloud-init[661]: |       . .o   .o |
[   10.153627] cloud-init[661]: +----[SHA256]-----+
[   10.154139] cloud-init[661]: Generating public/private ecdsa key pair.
[   10.154651] cloud-init[661]: Your identification has been saved in /etc/ssh/ssh_host_ecdsa_key.
[   10.155200] cloud-init[661]: Your public key has been saved in /etc/ssh/ssh_host_ecdsa_key.pub.
[   10.155713] cloud-init[661]: The key fingerprint is:
[   10.156409] cloud-init[661]: SHA256:o8iIxXj/wUC7IhrLJLFq7SWpq4RvFI32IIERd4KgMPI root@ubuntu-bionic
[   10.156917] cloud-init[661]: The key's randomart image is:
[   10.157426] cloud-init[661]: +---[ECDSA 256]---+
[   10.157945] cloud-init[661]: |X+o .            |
[   10.158455] cloud-init[661]: |B+ o             |
[   10.158966] cloud-init[661]: |..Eo.            |
[   10.159512] cloud-init[661]: |.o=...           |
[   10.160085] cloud-init[661]: |oo++o   S        |
[   10.160586] cloud-init[661]: |.*.+o= . .       |
[   10.161106] cloud-init[661]: |B++o=.+          |
[   10.161621] cloud-init[661]: |B*ooo. .         |
[   10.162134] cloud-init[661]: |B=+.  .          |
[   10.162644] cloud-init[661]: +----[SHA256]-----+
[   10.163118] cloud-init[661]: Generating public/private ed25519 key pair.
[0;32m  OK  [0m] Started Daily Cleanup of Temporary Directories.
[   10.163396] cloud-init[661]: Your identification has been saved in /etc/ssh/ssh_host_ed25519_key.
[   10.168578] cloud-init[661]: Your public key has been saved in /etc/ssh/ssh_host_ed25519_key.pub.
[   10.169689] cloud-init[661]: The key fingerprint is:
[[   10.169745] [0;32m  OK  [0mcloud-init] [661]: Started ACPI Events Check.SHA256:hEUp5+ZDj93mMA3hwUTJ57nuNfOR/t0nEUzZDITwTOY root@ubuntu-bionic

[[   10.171501] cloud-init[661]: The key's randomart image is:
[   10.171563] cloud-init[661]: +--[ED25519 256]--+
[   10.172456] cloud-init[661]: |       .o*+oooo= |
[   10.172961] cloud-init[661]: |      .oo **o o o|
[   10.173484] cloud-init[661]: |      .+.. =E+   |
[   10.174001] cloud-init[661]: |       .+ o o o  |
[   10.174521] cloud-init[661]: |       +S+ + . . |
[   10.175042] cloud-init[661]: |        + = = . .|
[   10.175566] cloud-init[661]: |         . *  ++ |
[   10.176278] cloud-init[661]: |            o.o+=|
[   10.177034] cloud-init[661]: |           ..  oB|
[   10.177492] cloud-init[661]: +----[SHA256]-----+
[0;32m  OK  [0m] Started Message of the Day.
         Starting LXD - unix socket.
[[0;32m  OK  [0m] Started Discard unused blocks once a week.
[[0;32m  OK  [0m] Reached target Paths.
[[0;32m  OK  [0m] Listening on D-Bus System Message Bus Socket.
[[0;32m  OK  [0m] Listening on UUID daemon activation socket.
[[0;32m  OK  [0m] Started Daily apt download activities.
[[0;32m  OK  [0m] Started Daily apt upgrade and clean activities.
[[0;32m  OK  [0m] Reached target Timers.
[[0;32m  OK  [0m] Listening on Open-iSCSI iscsid Socket.
         Starting Socket activation for snappy daemon.
[[0;32m  OK  [0m] Listening on ACPID Listen Socket.
[[0;32m  OK  [0m] Started Availability of block devices.
[[0;32m  OK  [0m] Listening on LXD - unix socket.
[[0;32m  OK  [0m] Listening on Socket activation for snappy daemon.
[[0;32m  OK  [0m] Reached target Sockets.
[[0;32m  OK  [0m] Reached target Basic System.
         Starting Accounts Service...
         Starting Permit User Sessions...
[[0;32m  OK  [0m] Started Deferred execution scheduler.
         Starting Login Service...
         Starting Virtualbox guest utils...
[[0;32m  OK  [0m] Started Regular background program processing daemon.
         Starting LXD - container startup/shutdown...
         Starting Snappy daemon...
         Starting LSB: automatic crash report generation...
[[0;32m  OK  [0m] Started D-Bus System Message Bus.
[[0;32m  OK  [0m] Started Login Service.
[[0;32m  OK  [0m] Started Unattended Upgrades Shutdown.
         Starting LSB: Record successful boot for GRUB...
[[0;32m  OK  [0m] Started irqbalance daemon.
         Starting Dispatcher daemon for systemd-networkd...
         Starting Pollinate to seed the pseudo random number generator...
         Starting System Logging Service...
[[0;32m  OK  [0m] Started FUSE filesystem for LXC.
[[0;32m  OK  [0m] Started Permit User Sessions.
[[0;32m  OK  [0m] Started LXD - container startup/shutdown.
[[0;32m  OK  [0m] Started System Logging Service.
         Starting Authorization Manager...
         Starting Terminate Plymouth Boot Screen...
         Starting Hold until boot process finishes up...
[[0;32m  OK  [0m] Started Terminate Plymouth Boot Screen.
[[0;32m  OK  [0m] Started Hold until boot process finishes up.
[[0;32m  OK  [0m] Started Serial Getty on ttyS0.
         Starting Set console scheme...
[[0;32m  OK  [0m] Started Authorization Manager.
[[0;32m  OK  [0m] Started Accounts Service.
[[0;32m  OK  [0m] Started LSB: automatic crash report generation.
[[0;32m  OK  [0m] Started Set console scheme.
[[0;32m  OK  [0m] Started LSB: Record successful boot for GRUB.
[[0;32m  OK  [0m] Created slice system-getty.slice.
[[0;32m  OK  [0m] Started Getty on tty1.
[[0;32m  OK  [0m] Reached target Login Prompts.
[[0;32m  OK  [0m] Started Virtualbox guest utils.
[[0;32m  OK  [0m] Started Dispatcher daemon for systemd-networkd.
[[0;32m  OK  [0m] Started Snappy daemon.
         Starting Wait until snapd is fully seeded...
[[0;32m  OK  [0m] Started Pollinate to seed the pseudo random number generator.
         Starting OpenBSD Secure Shell server...
[[0;32m  OK  [0m] Started OpenBSD Secure Shell server.
[[0;32m  OK  [0m] Started Wait until snapd is fully seeded.
         Starting Apply the settings specified in cloud-config...
[[0;32m  OK  [0m] Reached target Multi-User System.
[[0;32m  OK  [0m] Reached target Graphical Interface.
         Starting Update UTMP about System Runlevel Changes...
[[0;32m  OK  [0m] Started Update UTMP about System Runlevel Changes.
[[0;32m  OK  [0m] Created slice User Slice of vagrant.
         Starting User Manager for UID 1000...
[[0;32m  OK  [0m] Started Session 1 of user vagrant.
[[0;32m  OK  [0m] Started User Manager for UID 1000.
[   12.679382] cloud-init[1124]: Cloud-init v. 19.4-33-gbb4131a2-0ubuntu1~18.04.1 running 'modules:config' at Mon, 27 Apr 2020 07:25:27 +0000. Up 12.24 seconds.
[[0;32m  OK  [0m] Started Apply the settings specified in cloud-config.
         Starting Execute cloud user/final scripts...
ci-info: no authorized SSH keys fingerprints found for user ubuntu.
<14>Apr 27 07:25:28 ec2: 
<14>Apr 27 07:25:28 ec2: #############################################################
<14>Apr 27 07:25:28 ec2: -----BEGIN SSH HOST KEY FINGERPRINTS-----
<14>Apr 27 07:25:28 ec2: 1024 SHA256:Z7R7fZZekaTwQ/DqYko/F+ngXfxsbdxZsF8SBmQk4iU root@ubuntu-bionic (DSA)
<14>Apr 27 07:25:28 ec2: 256 SHA256:o8iIxXj/wUC7IhrLJLFq7SWpq4RvFI32IIERd4KgMPI root@ubuntu-bionic (ECDSA)
<14>Apr 27 07:25:28 ec2: 256 SHA256:hEUp5+ZDj93mMA3hwUTJ57nuNfOR/t0nEUzZDITwTOY root@ubuntu-bionic (ED25519)
<14>Apr 27 07:25:28 ec2: 2048 SHA256:nIjiH1Agy5micajZNEP4147KRbCv6Ts1Fk/xu83Mi4s root@ubuntu-bionic (RSA)
<14>Apr 27 07:25:28 ec2: -----END SSH HOST KEY FINGERPRINTS-----
<14>Apr 27 07:25:28 ec2: #############################################################
-----BEGIN SSH HOST KEY KEYS-----
ecdsa-sha2-nistp256 AAAAE2VjZHNhLXNoYTItbmlzdHAyNTYAAAAIbmlzdHAyNTYAAABBBMzSmfPykk6A+770IBjSK2uwzdf+sY6h4Itdn941ByDu7wINdzEX9XLTyqCrRjtDrcm9A7vFaxlbKqOygRDg5ao= root@ubuntu-bionic
ssh-ed25519 AAAAC3NzaC1lZDI1NTE5AAAAINdoF++ab6L3QR18cu5mhma13+AfJmSeJVd3kCjE3dlG root@ubuntu-bionic
ssh-rsa AAAAB3NzaC1yc2EAAAADAQABAAABAQDBzOnYbsTth4Bx7n77+ihotD0ZSOEoAp9Rzy4KCoyvXRzxp0Z+kjuUf6jF9dNsYEucqrQ8lttmZLcKhQ/q9WEl8Cs/rd1dIXx6oWA4qhBvieEyZyfiwv0el7ShRDEa/eyafOOvWxZgcSAGWX8EIQHd2R/+CN/Qx4CkM2l/K9iXFkD37P12d7/pnGQbsVdOqsAVggW15MJkBRAVXdBL91u1NmyAkK6DIpqTDOck/L1bhFtfn+CVEmY4PdX4BVHckr9l8nEzHcPQKDCK+Qt5feo8EOgxTh+UzS1gF9ZH1dRKYJZvSnqZmN+Ngu7dEd9iU7xNvw1Jd8CQ1+TTskTy7Del root@ubuntu-bionic
-----END SSH HOST KEY KEYS-----
[   13.283240] cloud-init[1242]: Cloud-init v. 19.4-33-gbb4131a2-0ubuntu1~18.04.1 running 'modules:final' at Mon, 27 Apr 2020 07:25:27 +0000. Up 13.09 seconds.
[   13.284736] cloud-init[1242]: ci-info: no authorized SSH keys fingerprints found for user ubuntu.
[   13.296206] cloud-init[1242]: Cloud-init v. 19.4-33-gbb4131a2-0ubuntu1~18.04.1 finished at Mon, 27 Apr 2020 07:25:28 +0000. Datasource DataSourceNoCloud [seed=/dev/sdb][dsmode=net].  Up 13.27 seconds
[[0;32m  OK  [0m] Started Execute cloud user/final scripts.
[[0;32m  OK  [0m] Reached target Cloud-init target.

Ubuntu 18.04.4 LTS ubuntu-bionic ttyS0

ubuntu-bionic login: 